<?xml version="1.0" encoding="UTF-8"?>
<!-- Generated by org.testng.reporters.JUnitXMLReporter -->
<testsuite hostname="DESKTOP-AGDID9L" name="Test" tests="6" failures="0" timestamp="27 Jan 2019 02:10:02 GMT" time="99.513" errors="0">
  <testcase name="clickonhumbergermenui" time="3.762" classname="Test.Amazonhomepagetest"/>
  <testcase name="clickonshopbycatagory" time="10.558" classname="Test.Shopbycatagorytest"/>
  <testcase name="clickonkindlereader" time="10.509" classname="Test.Shopbycatagorytest"/>
  <testcase name="kindlreaderclick" time="20.075" classname="Test.Kindlesearchpagetest"/>
  <testcase name="clickkindle" time="20.548" classname="Test.Kindlesearchpagetest"/>
  <testcase name="clickonaddtocart" time="20.157" classname="Test.Kindlesearchpagetest"/>
</testsuite> <!-- Test -->
