<?xml version="1.0" encoding="UTF-8"?>
<!-- Generated by org.testng.reporters.JUnitXMLReporter -->
<testsuite hostname="DESKTOP-AGDID9L" name="Test" tests="6" failures="0" timestamp="15 Dec 2018 17:33:27 GMT" time="60.498" errors="0">
  <testcase name="clickonhumbergermenui" time="3.289" classname="Test.Amazonhomepagetest"/>
  <testcase name="clickonshopbycatagory" time="10.464" classname="Test.Shopbycatagorytest"/>
  <testcase name="clickonkindlereader" time="7.133" classname="Test.Shopbycatagorytest"/>
  <testcase name="kindlreaderclick" time="10.779" classname="Test.Kindlesearchpagetest"/>
  <testcase name="clickkindle" time="10.39" classname="Test.Kindlesearchpagetest"/>
  <testcase name="clickonaddtocart" time="10.053" classname="Test.Kindlesearchpagetest"/>
</testsuite> <!-- Test -->
