<?xml version="1.0" encoding="UTF-8"?>
<testng-results skipped="0" failed="0" total="6" passed="6">
  <reporter-output>
  </reporter-output>
  <suite name="Suite" duration-ms="60498" started-at="2018-12-15T17:32:27Z" finished-at="2018-12-15T17:33:27Z">
    <groups>
    </groups>
    <test name="Test" duration-ms="60498" started-at="2018-12-15T17:32:27Z" finished-at="2018-12-15T17:33:27Z">
      <class name="Test.Shopbycatagorytest">
        <test-method status="PASS" signature="launch()[pri:0, instance:Test.Shopbycatagorytest@27c20538]" name="launch" is-config="true" duration-ms="55" started-at="2018-12-15T23:02:38Z" finished-at="2018-12-15T23:02:38Z">
          <reporter-output>
          </reporter-output>
        </test-method> <!-- launch -->
        <test-method status="PASS" signature="clickonshopbycatagory()[pri:2, instance:Test.Shopbycatagorytest@27c20538]" name="clickonshopbycatagory" duration-ms="10464" started-at="2018-12-15T23:02:38Z" finished-at="2018-12-15T23:02:49Z">
          <reporter-output>
          </reporter-output>
        </test-method> <!-- clickonshopbycatagory -->
        <test-method status="PASS" signature="clickonkindlereader()[pri:3, instance:Test.Shopbycatagorytest@27c20538]" name="clickonkindlereader" duration-ms="7133" started-at="2018-12-15T23:02:49Z" finished-at="2018-12-15T23:02:56Z">
          <reporter-output>
          </reporter-output>
        </test-method> <!-- clickonkindlereader -->
      </class> <!-- Test.Shopbycatagorytest -->
      <class name="Test.Kindlesearchpagetest">
        <test-method status="PASS" signature="launch()[pri:0, instance:Test.Kindlesearchpagetest@72d818d1]" name="launch" is-config="true" duration-ms="52" started-at="2018-12-15T23:02:56Z" finished-at="2018-12-15T23:02:56Z">
          <reporter-output>
          </reporter-output>
        </test-method> <!-- launch -->
        <test-method status="PASS" signature="kindlreaderclick()[pri:4, instance:Test.Kindlesearchpagetest@72d818d1]" name="kindlreaderclick" duration-ms="10779" started-at="2018-12-15T23:02:56Z" finished-at="2018-12-15T23:03:07Z">
          <reporter-output>
          </reporter-output>
        </test-method> <!-- kindlreaderclick -->
        <test-method status="PASS" signature="clickkindle()[pri:5, instance:Test.Kindlesearchpagetest@72d818d1]" name="clickkindle" duration-ms="10390" started-at="2018-12-15T23:03:07Z" finished-at="2018-12-15T23:03:17Z">
          <reporter-output>
          </reporter-output>
        </test-method> <!-- clickkindle -->
        <test-method status="PASS" signature="clickonaddtocart()[pri:6, instance:Test.Kindlesearchpagetest@72d818d1]" name="clickonaddtocart" duration-ms="10053" started-at="2018-12-15T23:03:17Z" finished-at="2018-12-15T23:03:27Z">
          <reporter-output>
          </reporter-output>
        </test-method> <!-- clickonaddtocart -->
      </class> <!-- Test.Kindlesearchpagetest -->
      <class name="Test.Amazonhomepagetest">
        <test-method status="PASS" signature="launch()[pri:0, instance:Test.Amazonhomepagetest@56ac3a89]" name="launch" is-config="true" duration-ms="8243" started-at="2018-12-15T23:02:27Z" finished-at="2018-12-15T23:02:35Z">
          <reporter-output>
          </reporter-output>
        </test-method> <!-- launch -->
        <test-method status="PASS" signature="clickonhumbergermenui()[pri:1, instance:Test.Amazonhomepagetest@56ac3a89]" name="clickonhumbergermenui" duration-ms="3289" started-at="2018-12-15T23:02:35Z" finished-at="2018-12-15T23:02:38Z">
          <reporter-output>
          </reporter-output>
        </test-method> <!-- clickonhumbergermenui -->
      </class> <!-- Test.Amazonhomepagetest -->
    </test> <!-- Test -->
  </suite> <!-- Suite -->
</testng-results>
